<?xml version="1.0" encoding="UTF-8"?>
<testsuites>
    <testsuite name="testing-the-full-functional-branches-meun;add-branches---success" tests="9" failures="1" skipped="2">
        <properties>
            <property name="@branch12" value="true">
            </property>
            <property name="URI" value="C:/Users/karabomo/Downloads/puppeteer-cucumber-js-main/puppeteer-cucumber-test/features/KisaMonateApp_Website_Adnim/branches.feature">
            </property>
        </properties>
        <testcase name="Given I am online at &quot;file:///C:/Users/karabomo/Desktop/Adimin%20Dashboard/index.html&quot;" classname="testing-the-full-functional-branches-meun;add-branches---success" time="6.5362124">
        </testcase>
        <testcase name="Then I login in on the website with email value &quot;projectemail089@gmail.com&quot; and password value is &quot;Ephraim@217377781&quot;" classname="testing-the-full-functional-branches-meun;add-branches---success" time="1.5410679">
        </testcase>
        <testcase name="Then I wait for the page to load" classname="testing-the-full-functional-branches-meun;add-branches---success" time="3.6547393">
        </testcase>
        <testcase name="Then I click on drop down menu &quot;Branche&quot;" classname="testing-the-full-functional-branches-meun;add-branches---success" time="0.0317084">
        </testcase>
        <testcase name="And I click on menu &quot;Veiw Branches&quot;" classname="testing-the-full-functional-branches-meun;add-branches---success" time="0.091796">
        </testcase>
        <testcase name="And I wait for 5 seconds" classname="testing-the-full-functional-branches-meun;add-branches---success" time="5.0135003">
        </testcase>
        <testcase name="And I check if value &quot;Branche 2kljhjkhjk&quot; is on screen" classname="testing-the-full-functional-branches-meun;add-branches---success" time="5.137304">
            <failure message="&quot;Branche 2kljhjkhjk&quot; is not available on the screen within the timeout.">&quot;Branche 2kljhjkhjk&quot; is not available on the screen within the timeout.</failure>
        </testcase>
        <testcase name="And I wait for 5 seconds" classname="testing-the-full-functional-branches-meun;add-branches---success">
            <skipped message="">
            </skipped>
        </testcase>
        <testcase name="And I wait for 5 seconds" classname="testing-the-full-functional-branches-meun;add-branches---success">
            <skipped message="">
            </skipped>
        </testcase>
    </testsuite>
</testsuites>