<?xml version="1.0" encoding="UTF-8"?>
<testsuites>
    <testsuite name="admin-dashboard---kasi_monate_app_main_admin---category-meun;add-category---success" tests="18" failures="1" skipped="15">
        <properties>
            <property name="@test" value="true">
            </property>
            <property name="@branch" value="true">
            </property>
            <property name="URI" value="C:/Users/karabomo/Downloads/puppeteer-cucumber-js-main/puppeteer-cucumber-test/features/Admin Dashboard/Kasi_monate_app_main_admin/product/view_category/view_category.feature">
            </property>
        </properties>
        <testcase name="Given I am online at &quot;file:///C:/Users/karabomo/Desktop/Adimin%20Dashboard/index.html&quot;" classname="admin-dashboard---kasi_monate_app_main_admin---category-meun;add-category---success" time="32.2774233">
        </testcase>
        <testcase name="Then I login in on the website with email value &quot;projectemail089@gmail.com&quot; and password value is &quot;Ephraim@217377781&quot;" classname="admin-dashboard---kasi_monate_app_main_admin---category-meun;add-category---success" time="1.4985922">
        </testcase>
        <testcase name="Then I wait for the page to load" classname="admin-dashboard---kasi_monate_app_main_admin---category-meun;add-category---success" time="30.0157723">
            <failure message="TimeoutError: Navigation timeout of 30000 ms exceeded">TimeoutError: Navigation timeout of 30000 ms exceeded
    at C:\Users\karabomo\Downloads\puppeteer-cucumber-js-main\puppeteer-cucumber-test\node_modules\puppeteer\lib\cjs\puppeteer\common\LifecycleWatcher.js:106:111
    at async FrameManager.waitForFrameNavigation (C:\Users\karabomo\Downloads\puppeteer-cucumber-js-main\puppeteer-cucumber-test\node_modules\puppeteer\lib\cjs\puppeteer\common\FrameManager.js:127:23)
    at async Frame.waitForNavigation (C:\Users\karabomo\Downloads\puppeteer-cucumber-js-main\puppeteer-cucumber-test\node_modules\puppeteer\lib\cjs\puppeteer\common\FrameManager.js:440:16)
    at async Page.waitForNavigation (C:\Users\karabomo\Downloads\puppeteer-cucumber-js-main\puppeteer-cucumber-test\node_modules\puppeteer\lib\cjs\puppeteer\common\Page.js:799:16)</failure>
        </testcase>
        <testcase name="Then I click on drop down menu &quot;Products&quot;" classname="admin-dashboard---kasi_monate_app_main_admin---category-meun;add-category---success">
            <skipped message="">
            </skipped>
        </testcase>
        <testcase name="And I click on menu &quot;View Category&quot;" classname="admin-dashboard---kasi_monate_app_main_admin---category-meun;add-category---success">
            <skipped message="">
            </skipped>
        </testcase>
        <testcase name="And I wait for &quot;3&quot; seconds" classname="admin-dashboard---kasi_monate_app_main_admin---category-meun;add-category---success">
            <skipped message="">
            </skipped>
        </testcase>
        <testcase name="And I click on button &quot;Add Category&quot;" classname="admin-dashboard---kasi_monate_app_main_admin---category-meun;add-category---success">
            <skipped message="">
            </skipped>
        </testcase>
        <testcase name="And I wait for &quot;1&quot; seconds" classname="admin-dashboard---kasi_monate_app_main_admin---category-meun;add-category---success">
            <skipped message="">
            </skipped>
        </testcase>
        <testcase name="And I enter value &quot;Category Success&quot; on field &quot;Category Labels&quot;" classname="admin-dashboard---kasi_monate_app_main_admin---category-meun;add-category---success">
            <skipped message="">
            </skipped>
        </testcase>
        <testcase name="And I click on the checkbox with text &quot;Active&quot;" classname="admin-dashboard---kasi_monate_app_main_admin---category-meun;add-category---success">
            <skipped message="">
            </skipped>
        </testcase>
        <testcase name="And I click on the checkbox with text &quot;Size&quot;" classname="admin-dashboard---kasi_monate_app_main_admin---category-meun;add-category---success">
            <skipped message="">
            </skipped>
        </testcase>
        <testcase name="And I click on button with text &quot;Select&quot; and select on image with &quot;C:\Users\karabomo\Desktop\KasiMonateAdnim\assets\images\logo.png&quot;" classname="admin-dashboard---kasi_monate_app_main_admin---category-meun;add-category---success">
            <skipped message="">
            </skipped>
        </testcase>
        <testcase name="And I wait for &quot;5&quot; seconds" classname="admin-dashboard---kasi_monate_app_main_admin---category-meun;add-category---success">
            <skipped message="">
            </skipped>
        </testcase>
        <testcase name="And I click on button &quot;Select1&quot;" classname="admin-dashboard---kasi_monate_app_main_admin---category-meun;add-category---success">
            <skipped message="">
            </skipped>
        </testcase>
        <testcase name="And I wait for &quot;20&quot; seconds" classname="admin-dashboard---kasi_monate_app_main_admin---category-meun;add-category---success">
            <skipped message="">
            </skipped>
        </testcase>
        <testcase name="And I click on button &quot;Add&quot;" classname="admin-dashboard---kasi_monate_app_main_admin---category-meun;add-category---success">
            <skipped message="">
            </skipped>
        </testcase>
        <testcase name="And I wait for a success alertBox appear" classname="admin-dashboard---kasi_monate_app_main_admin---category-meun;add-category---success">
            <skipped message="">
            </skipped>
        </testcase>
        <testcase name="And I check if value &quot;Category Success&quot; is on screen" classname="admin-dashboard---kasi_monate_app_main_admin---category-meun;add-category---success">
            <skipped message="">
            </skipped>
        </testcase>
    </testsuite>
</testsuites>