<?xml version="1.0" encoding="UTF-8"?>
<testsuites>
    <testsuite name="testing-the-full-functional-branches-meun;add-branches---success" tests="13" failures="0" skipped="0">
        <properties>
            <property name="@feat" value="true">
            </property>
            <property name="@branch" value="true">
            </property>
            <property name="URI" value="C:/Users/karabomo/Downloads/puppeteer-cucumber-js-main/puppeteer-cucumber-test/features/KisaMonateApp_Website_Adnim/Branches/branches.feature">
            </property>
        </properties>
        <testcase name="Given I am online at &quot;file:///C:/Users/karabomo/Desktop/KasiMonateAdnim/index.html&quot;" classname="testing-the-full-functional-branches-meun;add-branches---success" time="5.0034839">
        </testcase>
        <testcase name="Then I login in on the website with email value &quot;kasimonateappwebadnim@gmail.com&quot; and password value is &quot;Ephraim@217377781&quot;" classname="testing-the-full-functional-branches-meun;add-branches---success" time="2.1706247">
        </testcase>
        <testcase name="Then I wait for the page to load" classname="testing-the-full-functional-branches-meun;add-branches---success" time="8.9906254">
        </testcase>
        <testcase name="Then I click side meun item with text &quot;Branches&quot;" classname="testing-the-full-functional-branches-meun;add-branches---success" time="0.2776187">
        </testcase>
        <testcase name="Then I click on button with text &quot;Add Branche&quot; on side meun text this &quot;Branches&quot;" classname="testing-the-full-functional-branches-meun;add-branches---success" time="0.4411389">
        </testcase>
        <testcase name="Then I enter value &quot;Branches1&quot; on field &quot;Branche Name&quot; on side meun &quot;Branches&quot;" classname="testing-the-full-functional-branches-meun;add-branches---success" time="0.8634986">
        </testcase>
        <testcase name="Then I enter value &quot;Address1&quot; on field &quot;Branche Address&quot; on side meun &quot;Branches&quot;" classname="testing-the-full-functional-branches-meun;add-branches---success" time="0.5358567">
        </testcase>
        <testcase name="Then I click on button with text &quot;Select Image&quot; and select on image with &quot;C:\Users\karabomo\Desktop\KasiMonateAdnim\assets\images\logo.png&quot; path on meun &quot;Branches&quot;" classname="testing-the-full-functional-branches-meun;add-branches---success" time="0.313848">
        </testcase>
        <testcase name="Then I click on button with text &quot;Add&quot; on side meun text this &quot;Branches&quot;" classname="testing-the-full-functional-branches-meun;add-branches---success" time="0.228204">
        </testcase>
        <testcase name="Then I wait for a success alertBox" classname="testing-the-full-functional-branches-meun;add-branches---success" time="4.2509388">
        </testcase>
        <testcase name="Then I click on button with text &quot;Close&quot; on side meun text this &quot;Branches&quot;" classname="testing-the-full-functional-branches-meun;add-branches---success" time="0.5768951">
        </testcase>
        <testcase name="Then I click side meun item with text &quot;Dashboard&quot;" classname="testing-the-full-functional-branches-meun;add-branches---success" time="0.262285">
        </testcase>
        <testcase name="Then I confirm value is &quot;1&quot; on card with text &quot;Branches&quot;" classname="testing-the-full-functional-branches-meun;add-branches---success" time="0.0683854">
        </testcase>
    </testsuite>
    <testsuite name="testing-the-full-functional-branches-meun;add-branches---error---exciting-branche-name" tests="11" failures="0" skipped="0">
        <properties>
            <property name="@feat" value="true">
            </property>
            <property name="@branch" value="true">
            </property>
            <property name="URI" value="C:/Users/karabomo/Downloads/puppeteer-cucumber-js-main/puppeteer-cucumber-test/features/KisaMonateApp_Website_Adnim/Branches/branches.feature">
            </property>
        </properties>
        <testcase name="Given I am online at &quot;file:///C:/Users/karabomo/Desktop/KasiMonateAdnim/index.html&quot;" classname="testing-the-full-functional-branches-meun;add-branches---error---exciting-branche-name" time="5.0306075">
        </testcase>
        <testcase name="Then I login in on the website with email value &quot;kasimonateappwebadnim@gmail.com&quot; and password value is &quot;Ephraim@217377781&quot;" classname="testing-the-full-functional-branches-meun;add-branches---error---exciting-branche-name" time="2.3727645">
        </testcase>
        <testcase name="Then I wait for the page to load" classname="testing-the-full-functional-branches-meun;add-branches---error---exciting-branche-name" time="18.4753833">
        </testcase>
        <testcase name="Then I click side meun item with text &quot;Branches&quot;" classname="testing-the-full-functional-branches-meun;add-branches---error---exciting-branche-name" time="0.2716753">
        </testcase>
        <testcase name="Then I click on button with text &quot;Add Branche&quot; on side meun text this &quot;Branches&quot;" classname="testing-the-full-functional-branches-meun;add-branches---error---exciting-branche-name" time="0.3692327">
        </testcase>
        <testcase name="Then I enter value &quot;Branches1&quot; on field &quot;Branche Name&quot; on side meun &quot;Branches&quot;" classname="testing-the-full-functional-branches-meun;add-branches---error---exciting-branche-name" time="0.9533504">
        </testcase>
        <testcase name="Then I enter value &quot;Address1&quot; on field &quot;Branche Address&quot; on side meun &quot;Branches&quot;" classname="testing-the-full-functional-branches-meun;add-branches---error---exciting-branche-name" time="0.5310586">
        </testcase>
        <testcase name="Then I click on button with text &quot;Select Image&quot; and select on image with &quot;C:\Users\karabomo\Desktop\KasiMonateAdnim\assets\images\logo.png&quot; path on meun &quot;Branches&quot;" classname="testing-the-full-functional-branches-meun;add-branches---error---exciting-branche-name" time="0.3102512">
        </testcase>
        <testcase name="Then I click on button with text &quot;Add&quot; on side meun text this &quot;Branches&quot;" classname="testing-the-full-functional-branches-meun;add-branches---error---exciting-branche-name" time="0.2871052">
        </testcase>
        <testcase name="Then I wait for a danger alertBox" classname="testing-the-full-functional-branches-meun;add-branches---error---exciting-branche-name" time="0.0936625">
        </testcase>
        <testcase name="Then I click on button with text &quot;Close&quot; on side meun text this &quot;Branches&quot;" classname="testing-the-full-functional-branches-meun;add-branches---error---exciting-branche-name" time="0.4130524">
        </testcase>
    </testsuite>
    <testsuite name="testing-the-full-functional-branches-meun;add-branches---error---branche-name-empty" tests="10" failures="0" skipped="0">
        <properties>
            <property name="@feat" value="true">
            </property>
            <property name="@branch" value="true">
            </property>
            <property name="URI" value="C:/Users/karabomo/Downloads/puppeteer-cucumber-js-main/puppeteer-cucumber-test/features/KisaMonateApp_Website_Adnim/Branches/branches.feature">
            </property>
        </properties>
        <testcase name="Given I am online at &quot;file:///C:/Users/karabomo/Desktop/KasiMonateAdnim/index.html&quot;" classname="testing-the-full-functional-branches-meun;add-branches---error---branche-name-empty" time="4.8658975">
        </testcase>
        <testcase name="Then I login in on the website with email value &quot;kasimonateappwebadnim@gmail.com&quot; and password value is &quot;Ephraim@217377781&quot;" classname="testing-the-full-functional-branches-meun;add-branches---error---branche-name-empty" time="2.285336">
        </testcase>
        <testcase name="Then I wait for the page to load" classname="testing-the-full-functional-branches-meun;add-branches---error---branche-name-empty" time="7.675284">
        </testcase>
        <testcase name="Then I click side meun item with text &quot;Branches&quot;" classname="testing-the-full-functional-branches-meun;add-branches---error---branche-name-empty" time="0.6677929">
        </testcase>
        <testcase name="Then I click on button with text &quot;Add Branche&quot; on side meun text this &quot;Branches&quot;" classname="testing-the-full-functional-branches-meun;add-branches---error---branche-name-empty" time="0.6778527">
        </testcase>
        <testcase name="Then I enter value &quot;&quot; on field &quot;Branche Name&quot; on side meun &quot;Branches&quot;" classname="testing-the-full-functional-branches-meun;add-branches---error---branche-name-empty" time="0.1539397">
        </testcase>
        <testcase name="Then I enter value &quot;Error Edit&quot; on field &quot;Branche Address&quot; on side meun &quot;Branches&quot;" classname="testing-the-full-functional-branches-meun;add-branches---error---branche-name-empty" time="0.6183652">
        </testcase>
        <testcase name="Then I click on button with text &quot;Select Image&quot; and select on image with &quot;C:\Users\karabomo\Desktop\KasiMonateAdnim\assets\images\logo.png&quot; path on meun &quot;Branches&quot;" classname="testing-the-full-functional-branches-meun;add-branches---error---branche-name-empty" time="0.3334466">
        </testcase>
        <testcase name="Then I click on button with text &quot;Add&quot; on side meun text this &quot;Branches&quot;" classname="testing-the-full-functional-branches-meun;add-branches---error---branche-name-empty" time="0.3002989">
        </testcase>
        <testcase name="Then I wait for a danger alertBox" classname="testing-the-full-functional-branches-meun;add-branches---error---branche-name-empty" time="0.0919601">
        </testcase>
    </testsuite>
    <testsuite name="testing-the-full-functional-branches-meun;add-branches---error---branche-address-empty" tests="10" failures="0" skipped="0">
        <properties>
            <property name="@feat" value="true">
            </property>
            <property name="@branch" value="true">
            </property>
            <property name="URI" value="C:/Users/karabomo/Downloads/puppeteer-cucumber-js-main/puppeteer-cucumber-test/features/KisaMonateApp_Website_Adnim/Branches/branches.feature">
            </property>
        </properties>
        <testcase name="Given I am online at &quot;file:///C:/Users/karabomo/Desktop/KasiMonateAdnim/index.html&quot;" classname="testing-the-full-functional-branches-meun;add-branches---error---branche-address-empty" time="7.3000802">
        </testcase>
        <testcase name="Then I login in on the website with email value &quot;kasimonateappwebadnim@gmail.com&quot; and password value is &quot;Ephraim@217377781&quot;" classname="testing-the-full-functional-branches-meun;add-branches---error---branche-address-empty" time="2.2727462">
        </testcase>
        <testcase name="Then I wait for the page to load" classname="testing-the-full-functional-branches-meun;add-branches---error---branche-address-empty" time="9.9259269">
        </testcase>
        <testcase name="Then I click side meun item with text &quot;Branches&quot;" classname="testing-the-full-functional-branches-meun;add-branches---error---branche-address-empty" time="0.3728299">
        </testcase>
        <testcase name="Then I click on button with text &quot;Add Branche&quot; on side meun text this &quot;Branches&quot;" classname="testing-the-full-functional-branches-meun;add-branches---error---branche-address-empty" time="0.3212244">
        </testcase>
        <testcase name="Then I enter value &quot;Error Edit&quot; on field &quot;Branche Name&quot; on side meun &quot;Branches&quot;" classname="testing-the-full-functional-branches-meun;add-branches---error---branche-address-empty" time="0.849429">
        </testcase>
        <testcase name="Then I enter value &quot;&quot; on field &quot;Branche &quot; on side meun &quot;Branches&quot;" classname="testing-the-full-functional-branches-meun;add-branches---error---branche-address-empty" time="0.0228012">
        </testcase>
        <testcase name="Then I click on button with text &quot;Select Image&quot; and select on image with &quot;C:\Users\karabomo\Desktop\KasiMonateAdnim\assets\images\logo.png&quot; path on meun &quot;Branches&quot;" classname="testing-the-full-functional-branches-meun;add-branches---error---branche-address-empty" time="0.3401623">
        </testcase>
        <testcase name="Then I click on button with text &quot;Add&quot; on side meun text this &quot;Branches&quot;" classname="testing-the-full-functional-branches-meun;add-branches---error---branche-address-empty" time="0.2541967">
        </testcase>
        <testcase name="Then I wait for a danger alertBox" classname="testing-the-full-functional-branches-meun;add-branches---error---branche-address-empty" time="0.1014613">
        </testcase>
    </testsuite>
    <testsuite name="testing-the-full-functional-branches-meun;add-branches---error---image-empty" tests="9" failures="0" skipped="0">
        <properties>
            <property name="@feat" value="true">
            </property>
            <property name="@branch" value="true">
            </property>
            <property name="URI" value="C:/Users/karabomo/Downloads/puppeteer-cucumber-js-main/puppeteer-cucumber-test/features/KisaMonateApp_Website_Adnim/Branches/branches.feature">
            </property>
        </properties>
        <testcase name="Given I am online at &quot;file:///C:/Users/karabomo/Desktop/KasiMonateAdnim/index.html&quot;" classname="testing-the-full-functional-branches-meun;add-branches---error---image-empty" time="5.4229322">
        </testcase>
        <testcase name="Then I login in on the website with email value &quot;kasimonateappwebadnim@gmail.com&quot; and password value is &quot;Ephraim@217377781&quot;" classname="testing-the-full-functional-branches-meun;add-branches---error---image-empty" time="2.3222617">
        </testcase>
        <testcase name="Then I wait for the page to load" classname="testing-the-full-functional-branches-meun;add-branches---error---image-empty" time="15.086857">
        </testcase>
        <testcase name="Then I click side meun item with text &quot;Branches&quot;" classname="testing-the-full-functional-branches-meun;add-branches---error---image-empty" time="0.2487345">
        </testcase>
        <testcase name="Then I click on button with text &quot;Add Branche&quot; on side meun text this &quot;Branches&quot;" classname="testing-the-full-functional-branches-meun;add-branches---error---image-empty" time="0.3336572">
        </testcase>
        <testcase name="Then I enter value &quot;Image Edit Error&quot; on field &quot;Branche Name&quot; on side meun &quot;Branches&quot;" classname="testing-the-full-functional-branches-meun;add-branches---error---image-empty" time="1.1698953">
        </testcase>
        <testcase name="Then I enter value &quot;Image Edit Error Address&quot; on field &quot;Branche &quot; on side meun &quot;Branches&quot;" classname="testing-the-full-functional-branches-meun;add-branches---error---image-empty" time="0.0164299">
        </testcase>
        <testcase name="Then I click on button with text &quot;Add&quot; on side meun text this &quot;Branches&quot;" classname="testing-the-full-functional-branches-meun;add-branches---error---image-empty" time="0.2554163">
        </testcase>
        <testcase name="Then I wait for a danger alertBox" classname="testing-the-full-functional-branches-meun;add-branches---error---image-empty" time="0.1015718">
        </testcase>
    </testsuite>
    <testsuite name="testing-the-full-functional-branches-meun;edit-branches---success" tests="11" failures="0" skipped="0">
        <properties>
            <property name="@feat" value="true">
            </property>
            <property name="@branch" value="true">
            </property>
            <property name="URI" value="C:/Users/karabomo/Downloads/puppeteer-cucumber-js-main/puppeteer-cucumber-test/features/KisaMonateApp_Website_Adnim/Branches/branches.feature">
            </property>
        </properties>
        <testcase name="Given I am online at &quot;file:///C:/Users/karabomo/Desktop/KasiMonateAdnim/index.html&quot;" classname="testing-the-full-functional-branches-meun;edit-branches---success" time="4.8657182">
        </testcase>
        <testcase name="Then I login in on the website with email value &quot;kasimonateappwebadnim@gmail.com&quot; and password value is &quot;Ephraim@217377781&quot;" classname="testing-the-full-functional-branches-meun;edit-branches---success" time="2.1450877">
        </testcase>
        <testcase name="Then I wait for the page to load" classname="testing-the-full-functional-branches-meun;edit-branches---success" time="9.7602532">
        </testcase>
        <testcase name="Then I click side meun item with text &quot;Branches&quot;" classname="testing-the-full-functional-branches-meun;edit-branches---success" time="0.2592323">
        </testcase>
        <testcase name="Then I click button with Text &quot;Edit&quot; on row &quot;1&quot; on the table on side meun &quot;Branches&quot;" classname="testing-the-full-functional-branches-meun;edit-branches---success" time="1.5474062">
        </testcase>
        <testcase name="Then I wait for 5 seconds" classname="testing-the-full-functional-branches-meun;edit-branches---success" time="5.0110034">
        </testcase>
        <testcase name="Then I enter value &quot;EditBrancheSuccess&quot; on field &quot;Branche Name&quot; on side meun &quot;Branches&quot;" classname="testing-the-full-functional-branches-meun;edit-branches---success" time="1.2491272">
        </testcase>
        <testcase name="Then I enter value &quot;EditAddressSuccess&quot; on field &quot;Branche Address&quot; on side meun &quot;Branches&quot;" classname="testing-the-full-functional-branches-meun;edit-branches---success" time="1.0850862">
        </testcase>
        <testcase name="Then I click on button with text &quot;Select Image&quot; and select on image with &quot;C:\Users\karabomo\Desktop\KasiMonateAdnim\assets\images\logo.png&quot; path on meun &quot;Branches&quot;" classname="testing-the-full-functional-branches-meun;edit-branches---success" time="0.3332981">
        </testcase>
        <testcase name="Then I click on button with text &quot;Save&quot; on side meun text this &quot;Branches&quot;" classname="testing-the-full-functional-branches-meun;edit-branches---success" time="0.265799">
        </testcase>
        <testcase name="Then I wait for a success alertBox" classname="testing-the-full-functional-branches-meun;edit-branches---success" time="2.9529027">
        </testcase>
    </testsuite>
    <testsuite name="testing-the-full-functional-branches-meun;add-branches-for-testing-edit-exciting-branche-name---success" tests="11" failures="0" skipped="0">
        <properties>
            <property name="@feat" value="true">
            </property>
            <property name="@branch" value="true">
            </property>
            <property name="URI" value="C:/Users/karabomo/Downloads/puppeteer-cucumber-js-main/puppeteer-cucumber-test/features/KisaMonateApp_Website_Adnim/Branches/branches.feature">
            </property>
        </properties>
        <testcase name="Given I am online at &quot;file:///C:/Users/karabomo/Desktop/KasiMonateAdnim/index.html&quot;" classname="testing-the-full-functional-branches-meun;add-branches-for-testing-edit-exciting-branche-name---success" time="4.4516834">
        </testcase>
        <testcase name="Then I login in on the website with email value &quot;kasimonateappwebadnim@gmail.com&quot; and password value is &quot;Ephraim@217377781&quot;" classname="testing-the-full-functional-branches-meun;add-branches-for-testing-edit-exciting-branche-name---success" time="2.2961216">
        </testcase>
        <testcase name="Then I wait for the page to load" classname="testing-the-full-functional-branches-meun;add-branches-for-testing-edit-exciting-branche-name---success" time="6.9657868">
        </testcase>
        <testcase name="Then I click side meun item with text &quot;Branches&quot;" classname="testing-the-full-functional-branches-meun;add-branches-for-testing-edit-exciting-branche-name---success" time="0.3109351">
        </testcase>
        <testcase name="Then I click on button with text &quot;Add Branche&quot; on side meun text this &quot;Branches&quot;" classname="testing-the-full-functional-branches-meun;add-branches-for-testing-edit-exciting-branche-name---success" time="0.3572104">
        </testcase>
        <testcase name="Then I enter value &quot;Branches2&quot; on field &quot;Branche Name&quot; on side meun &quot;Branches&quot;" classname="testing-the-full-functional-branches-meun;add-branches-for-testing-edit-exciting-branche-name---success" time="0.9246662">
        </testcase>
        <testcase name="Then I enter value &quot;Address2&quot; on field &quot;Branche Address&quot; on side meun &quot;Branches&quot;" classname="testing-the-full-functional-branches-meun;add-branches-for-testing-edit-exciting-branche-name---success" time="0.6107695">
        </testcase>
        <testcase name="Then I click on button with text &quot;Select Image&quot; and select on image with &quot;C:\Users\karabomo\Desktop\KasiMonateAdnim\assets\images\logo.png&quot; path on meun &quot;Branches&quot;" classname="testing-the-full-functional-branches-meun;add-branches-for-testing-edit-exciting-branche-name---success" time="0.390568">
        </testcase>
        <testcase name="Then I click on button with text &quot;Add&quot; on side meun text this &quot;Branches&quot;" classname="testing-the-full-functional-branches-meun;add-branches-for-testing-edit-exciting-branche-name---success" time="0.2623542">
        </testcase>
        <testcase name="Then I wait for a success alertBox" classname="testing-the-full-functional-branches-meun;add-branches-for-testing-edit-exciting-branche-name---success" time="4.0171963">
        </testcase>
        <testcase name="Then I click on button with text &quot;Close&quot; on side meun text this &quot;Branches&quot;" classname="testing-the-full-functional-branches-meun;add-branches-for-testing-edit-exciting-branche-name---success" time="0.4236709">
        </testcase>
    </testsuite>
    <testsuite name="testing-the-full-functional-branches-meun;edit-branches---error---exciting-branche-name" tests="11" failures="0" skipped="0">
        <properties>
            <property name="@feat" value="true">
            </property>
            <property name="@branch" value="true">
            </property>
            <property name="URI" value="C:/Users/karabomo/Downloads/puppeteer-cucumber-js-main/puppeteer-cucumber-test/features/KisaMonateApp_Website_Adnim/Branches/branches.feature">
            </property>
        </properties>
        <testcase name="Given I am online at &quot;file:///C:/Users/karabomo/Desktop/KasiMonateAdnim/index.html&quot;" classname="testing-the-full-functional-branches-meun;edit-branches---error---exciting-branche-name" time="4.5224113">
        </testcase>
        <testcase name="Then I login in on the website with email value &quot;kasimonateappwebadnim@gmail.com&quot; and password value is &quot;Ephraim@217377781&quot;" classname="testing-the-full-functional-branches-meun;edit-branches---error---exciting-branche-name" time="2.3180131">
        </testcase>
        <testcase name="Then I wait for the page to load" classname="testing-the-full-functional-branches-meun;edit-branches---error---exciting-branche-name" time="11.0177724">
        </testcase>
        <testcase name="Then I click side meun item with text &quot;Branches&quot;" classname="testing-the-full-functional-branches-meun;edit-branches---error---exciting-branche-name" time="0.2417568">
        </testcase>
        <testcase name="Then I click button with Text &quot;Edit&quot; on row &quot;1&quot; on the table on side meun &quot;Branches&quot;" classname="testing-the-full-functional-branches-meun;edit-branches---error---exciting-branche-name" time="1.6945823">
        </testcase>
        <testcase name="Then I wait for 5 seconds" classname="testing-the-full-functional-branches-meun;edit-branches---error---exciting-branche-name" time="5.00215">
        </testcase>
        <testcase name="Then I enter value &quot;Branches2&quot; on field &quot;Branche Name&quot; on side meun &quot;Branches&quot;" classname="testing-the-full-functional-branches-meun;edit-branches---error---exciting-branche-name" time="0.6012403">
        </testcase>
        <testcase name="Then I enter value &quot;Address2&quot; on field &quot;Branche Address&quot; on side meun &quot;Branches&quot;" classname="testing-the-full-functional-branches-meun;edit-branches---error---exciting-branche-name" time="0.5374487">
        </testcase>
        <testcase name="Then I click on button with text &quot;Select Image&quot; and select on image with &quot;C:\Users\karabomo\Desktop\KasiMonateAdnim\assets\images\logo.png&quot; path on meun &quot;Branches&quot;" classname="testing-the-full-functional-branches-meun;edit-branches---error---exciting-branche-name" time="0.3432794">
        </testcase>
        <testcase name="Then I click on button with text &quot;Save&quot; on side meun text this &quot;Branches&quot;" classname="testing-the-full-functional-branches-meun;edit-branches---error---exciting-branche-name" time="0.3114616">
        </testcase>
        <testcase name="Then I wait for a danger alertBox" classname="testing-the-full-functional-branches-meun;edit-branches---error---exciting-branche-name" time="0.0850968">
        </testcase>
    </testsuite>
    <testsuite name="testing-the-full-functional-branches-meun;edit-branches---error---branche-name-empty" tests="11" failures="0" skipped="0">
        <properties>
            <property name="@feat" value="true">
            </property>
            <property name="@branch" value="true">
            </property>
            <property name="URI" value="C:/Users/karabomo/Downloads/puppeteer-cucumber-js-main/puppeteer-cucumber-test/features/KisaMonateApp_Website_Adnim/Branches/branches.feature">
            </property>
        </properties>
        <testcase name="Given I am online at &quot;file:///C:/Users/karabomo/Desktop/KasiMonateAdnim/index.html&quot;" classname="testing-the-full-functional-branches-meun;edit-branches---error---branche-name-empty" time="7.0524401">
        </testcase>
        <testcase name="Then I login in on the website with email value &quot;kasimonateappwebadnim@gmail.com&quot; and password value is &quot;Ephraim@217377781&quot;" classname="testing-the-full-functional-branches-meun;edit-branches---error---branche-name-empty" time="2.0501856">
        </testcase>
        <testcase name="Then I wait for the page to load" classname="testing-the-full-functional-branches-meun;edit-branches---error---branche-name-empty" time="9.4728762">
        </testcase>
        <testcase name="Then I click side meun item with text &quot;Branches&quot;" classname="testing-the-full-functional-branches-meun;edit-branches---error---branche-name-empty" time="0.3446128">
        </testcase>
        <testcase name="Then I click button with Text &quot;Edit&quot; on row &quot;1&quot; on the table on side meun &quot;Branches&quot;" classname="testing-the-full-functional-branches-meun;edit-branches---error---branche-name-empty" time="1.1289274">
        </testcase>
        <testcase name="Then I wait for 5 seconds" classname="testing-the-full-functional-branches-meun;edit-branches---error---branche-name-empty" time="5.0114452">
        </testcase>
        <testcase name="Then I enter value &quot;&quot; on field &quot;Branche Name&quot; on side meun &quot;Branches&quot;" classname="testing-the-full-functional-branches-meun;edit-branches---error---branche-name-empty" time="0.1446514">
        </testcase>
        <testcase name="Then I enter value &quot;Edit Error&quot; on field &quot;Branche Address&quot; on side meun &quot;Branches&quot;" classname="testing-the-full-functional-branches-meun;edit-branches---error---branche-name-empty" time="0.6912456">
        </testcase>
        <testcase name="Then I click on button with text &quot;Select Image&quot; and select on image with &quot;C:\Users\karabomo\Desktop\KasiMonateAdnim\assets\images\logo.png&quot; path on meun &quot;Branches&quot;" classname="testing-the-full-functional-branches-meun;edit-branches---error---branche-name-empty" time="0.3736495">
        </testcase>
        <testcase name="Then I click on button with text &quot;Save&quot; on side meun text this &quot;Branches&quot;" classname="testing-the-full-functional-branches-meun;edit-branches---error---branche-name-empty" time="0.2953418">
        </testcase>
        <testcase name="Then I wait for a danger alertBox" classname="testing-the-full-functional-branches-meun;edit-branches---error---branche-name-empty" time="0.0945417">
        </testcase>
    </testsuite>
    <testsuite name="testing-the-full-functional-branches-meun;edit-branches---error---branche-name-empty" tests="11" failures="0" skipped="0">
        <properties>
            <property name="@feat" value="true">
            </property>
            <property name="@branch" value="true">
            </property>
            <property name="URI" value="C:/Users/karabomo/Downloads/puppeteer-cucumber-js-main/puppeteer-cucumber-test/features/KisaMonateApp_Website_Adnim/Branches/branches.feature">
            </property>
        </properties>
        <testcase name="Given I am online at &quot;file:///C:/Users/karabomo/Desktop/KasiMonateAdnim/index.html&quot;" classname="testing-the-full-functional-branches-meun;edit-branches---error---branche-name-empty" time="4.4510661">
        </testcase>
        <testcase name="Then I login in on the website with email value &quot;kasimonateappwebadnim@gmail.com&quot; and password value is &quot;Ephraim@217377781&quot;" classname="testing-the-full-functional-branches-meun;edit-branches---error---branche-name-empty" time="1.9869957">
        </testcase>
        <testcase name="Then I wait for the page to load" classname="testing-the-full-functional-branches-meun;edit-branches---error---branche-name-empty" time="8.7569869">
        </testcase>
        <testcase name="Then I click side meun item with text &quot;Branches&quot;" classname="testing-the-full-functional-branches-meun;edit-branches---error---branche-name-empty" time="0.3488995">
        </testcase>
        <testcase name="Then I click button with Text &quot;Edit&quot; on row &quot;1&quot; on the table on side meun &quot;Branches&quot;" classname="testing-the-full-functional-branches-meun;edit-branches---error---branche-name-empty" time="1.2753137">
        </testcase>
        <testcase name="Then I wait for 5 seconds" classname="testing-the-full-functional-branches-meun;edit-branches---error---branche-name-empty" time="5.0080616">
        </testcase>
        <testcase name="Then I enter value &quot;Edit Error&quot; on field &quot;Branche Name&quot; on side meun &quot;Branches&quot;" classname="testing-the-full-functional-branches-meun;edit-branches---error---branche-name-empty" time="0.719132">
        </testcase>
        <testcase name="Then I enter value &quot;&quot; on field &quot;Branche Address&quot; on side meun &quot;Branches&quot;" classname="testing-the-full-functional-branches-meun;edit-branches---error---branche-name-empty" time="0.1106098">
        </testcase>
        <testcase name="Then I click on button with text &quot;Select Image&quot; and select on image with &quot;C:\Users\karabomo\Desktop\KasiMonateAdnim\assets\images\logo.png&quot; path on meun &quot;Branches&quot;" classname="testing-the-full-functional-branches-meun;edit-branches---error---branche-name-empty" time="0.3650272">
        </testcase>
        <testcase name="Then I click on button with text &quot;Save&quot; on side meun text this &quot;Branches&quot;" classname="testing-the-full-functional-branches-meun;edit-branches---error---branche-name-empty" time="0.3097664">
        </testcase>
        <testcase name="Then I wait for a danger alertBox" classname="testing-the-full-functional-branches-meun;edit-branches---error---branche-name-empty" time="0.0936414">
        </testcase>
    </testsuite>
    <testsuite name="testing-the-full-functional-branches-meun;delete-branches-for-testing-edit-exciting-branche-name---success" tests="7" failures="0" skipped="0">
        <properties>
            <property name="@feat" value="true">
            </property>
            <property name="@branch" value="true">
            </property>
            <property name="URI" value="C:/Users/karabomo/Downloads/puppeteer-cucumber-js-main/puppeteer-cucumber-test/features/KisaMonateApp_Website_Adnim/Branches/branches.feature">
            </property>
        </properties>
        <testcase name="Given I am online at &quot;file:///C:/Users/karabomo/Desktop/KasiMonateAdnim/index.html&quot;" classname="testing-the-full-functional-branches-meun;delete-branches-for-testing-edit-exciting-branche-name---success" time="4.4731778">
        </testcase>
        <testcase name="Then I login in on the website with email value &quot;kasimonateappwebadnim@gmail.com&quot; and password value is &quot;Ephraim@217377781&quot;" classname="testing-the-full-functional-branches-meun;delete-branches-for-testing-edit-exciting-branche-name---success" time="2.2727199">
        </testcase>
        <testcase name="Then I wait for the page to load" classname="testing-the-full-functional-branches-meun;delete-branches-for-testing-edit-exciting-branche-name---success" time="8.110412">
        </testcase>
        <testcase name="Then I click side meun item with text &quot;Branches&quot;" classname="testing-the-full-functional-branches-meun;delete-branches-for-testing-edit-exciting-branche-name---success" time="0.2505635">
        </testcase>
        <testcase name="Then I click button with Text &quot;Delete&quot; on row &quot;1&quot; on the table on side meun &quot;Branches&quot;" classname="testing-the-full-functional-branches-meun;delete-branches-for-testing-edit-exciting-branche-name---success" time="1.0281702">
        </testcase>
        <testcase name="Then I click on button with text &quot;Accept&quot; on side meun text this &quot;Branches&quot;" classname="testing-the-full-functional-branches-meun;delete-branches-for-testing-edit-exciting-branche-name---success" time="0.3318941">
        </testcase>
        <testcase name="Then I wait for a success alertBox" classname="testing-the-full-functional-branches-meun;delete-branches-for-testing-edit-exciting-branche-name---success" time="1.1943004">
        </testcase>
    </testsuite>
    <testsuite name="testing-the-full-functional-branches-meun;delete-branches---success" tests="7" failures="1" skipped="0">
        <properties>
            <property name="@feat" value="true">
            </property>
            <property name="@branch" value="true">
            </property>
            <property name="URI" value="C:/Users/karabomo/Downloads/puppeteer-cucumber-js-main/puppeteer-cucumber-test/features/KisaMonateApp_Website_Adnim/Branches/branches.feature">
            </property>
        </properties>
        <testcase name="Given I am online at &quot;file:///C:/Users/karabomo/Desktop/KasiMonateAdnim/index.html&quot;" classname="testing-the-full-functional-branches-meun;delete-branches---success" time="4.5261457">
        </testcase>
        <testcase name="Then I login in on the website with email value &quot;kasimonateappwebadnim@gmail.com&quot; and password value is &quot;Ephraim@217377781&quot;" classname="testing-the-full-functional-branches-meun;delete-branches---success" time="2.0549291">
        </testcase>
        <testcase name="Then I wait for the page to load" classname="testing-the-full-functional-branches-meun;delete-branches---success" time="6.4030284">
        </testcase>
        <testcase name="Then I click side meun item with text &quot;Branches&quot;" classname="testing-the-full-functional-branches-meun;delete-branches---success" time="0.3578747">
        </testcase>
        <testcase name="Then I click button with Text &quot;Delete&quot; on row &quot;1&quot; on the table on side meun &quot;Branches&quot;" classname="testing-the-full-functional-branches-meun;delete-branches---success" time="1.0834303">
        </testcase>
        <testcase name="Then I click on button with text &quot;Accept&quot; on side meun text this &quot;Branches&quot;" classname="testing-the-full-functional-branches-meun;delete-branches---success" time="0.3334157">
        </testcase>
        <testcase name="Then I wait for a success alertBox" classname="testing-the-full-functional-branches-meun;delete-branches---success" time="30.0051757">
            <failure message="TimeoutError: waiting for selector `#toast-success` failed: timeout 30000ms exceeded">TimeoutError: waiting for selector `#toast-success` failed: timeout 30000ms exceeded
    at new WaitTask (C:\Users\karabomo\Downloads\puppeteer-cucumber-js-main\puppeteer-cucumber-test\node_modules\puppeteer\lib\cjs\puppeteer\common\DOMWorld.js:509:34)
    at DOMWorld.waitForSelectorInPage (C:\Users\karabomo\Downloads\puppeteer-cucumber-js-main\puppeteer-cucumber-test\node_modules\puppeteer\lib\cjs\puppeteer\common\DOMWorld.js:420:26)
    at internalHandler.waitFor (C:\Users\karabomo\Downloads\puppeteer-cucumber-js-main\puppeteer-cucumber-test\node_modules\puppeteer\lib\cjs\puppeteer\common\QueryHandler.js:31:77)
    at DOMWorld.waitForSelector (C:\Users\karabomo\Downloads\puppeteer-cucumber-js-main\puppeteer-cucumber-test\node_modules\puppeteer\lib\cjs\puppeteer\common\DOMWorld.js:313:29)
    at Frame.waitForSelector (C:\Users\karabomo\Downloads\puppeteer-cucumber-js-main\puppeteer-cucumber-test\node_modules\puppeteer\lib\cjs\puppeteer\common\FrameManager.js:841:51)
    at createWorld.&lt;anonymous&gt; (C:\Users\karabomo\Downloads\puppeteer-cucumber-js-main\puppeteer-cucumber-test\features\step-definitions\orca-scan-demo-steps.js:882:46)</failure>
        </testcase>
    </testsuite>
</testsuites>